[1] 
[1] > youtube-tailor@1.0.0 start:client
[1] > cd client && npm run dev
[1] 
[0] 
[0] > youtube-tailor@1.0.0 start:server
[0] > cd server && npm start
[0] 
[1] 
[1] > youtube-tailor-client@0.0.0 dev
[1] > vite
[1] 
[0] 
[0] > youtube-tailor-server@1.0.0 start
[0] > node index.js
[0] 
[0] Server running on http://0.0.0.0:3001
[1] Port 5173 is in use, trying another one...
[1] 
[1]   VITE v8.0.10  ready in 115 ms
[1] 
[1]   ➜  Local:   http://localhost:5174/
[1]   ➜  Network: http://10.0.0.56:5174/
[1]   ➜  Network: http://100.89.5.62:5174/
[0] [Socket] Client connected: BdO204bZzPFibbfbAAAC
[0] Client disconnected
[0] [Socket] Client connected: 82hR3qgn8TbLz4j1AAAF
[0] Client disconnected
[0] [Socket] Client connected: 6OypU4fIHkQkYXrgAAAI
[0] [API] Info request for URL: https://youtube.com/shorts/5AxiORhaQ7Y?si=ENqK_gnZzHSUgugV
[0] [API] Successfully fetched info for: Gehra hua ❤️|| Dance Cover by Gayatri Mane || #dance #shorts #gehrahua #song #dhurandhar
[0] Client disconnected
[0] [Socket] Client connected: dCBYbftRTQ0Zh4pfAAAL
[0] [API] Info request for URL: https://youtube.com/shorts/5AxiORhaQ7Y?si=ENqK_gnZzHSUgugV
[0] [API] Successfully fetched info for: Gehra hua ❤️|| Dance Cover by Gayatri Mane || #dance #shorts #gehrahua #song #dhurandhar
[0] Client disconnected
[0] [Socket] Client connected: k5F6_Mr3sn3evvsqAAAO
[0] Client disconnected
[0] [Socket] Client connected: H0Q0XG056LailI_eAAAR
[0] Client disconnected
[0] [Socket] Client connected: GNYFjhE84J8o5vZMAAAT
[0] [Socket] Client connected: Mi8LpSBqnZ2V9ZCpAAAW
[0] Client disconnected
[0] Client disconnected
[0] [Socket] Client connected: YaxwOaadhLsTiO2CAAAZ
[0] Client disconnected
[0] [Socket] Client connected: O95yR9yLIPNJNPeNAAAc
[0] [API] Info request for URL: https://youtu.be/W-hugXQIsJM?si=UqkPdyui-1x_64wj
[0] [API] Successfully fetched info for: Tanvi Gadkari & Kaizer Vaghela Viral Sangeet performance  | Raanjhana | Mere brother ki dulhan
[0] [Socket] Download started by O95yR9yLIPNJNPeNAAAc: https://youtu.be/W-hugXQIsJM?si=UqkPdyui-1x_64wj [54.67591127948027-92.44174690551303] (mp4/best)
[0] Running yt-dlp with args: --download-sections *54.67591127948027-92.44174690551303 --force-keyframes-at-cuts -o /Users/nihal/Code/YouTubeTrimmer/downloads/clip_1777234946027.mp4 https://youtu.be/W-hugXQIsJM?si=UqkPdyui-1x_64wj -f bestvideo[ext=mp4]+bestaudio[ext=m4a]/best[ext=mp4]/best --merge-output-format mp4
[0] Client disconnected
[0] [Socket] Client connected: BBkNU6_6xVlbiRhLAAAf
 (client) hmr update /src/StitchPage.tsx
[1] 9:24:57 AM [vite] (client) hmr update /src/StitchPage.tsx
[1] 9:25:00 AM [vite] (client) hmr update /src/StitchPage.tsx
[1] 9:25:08 AM [vite] (client) hmr update /src/StitchPage.tsx
[1] 9:25:15 AM [vite] (client) hmr update /src/StitchPage.tsx
[1] 9:25:18 AM [vite] (client) hmr update /src/StitchPage.tsx
[1] 9:25:27 AM [vite] (client) hmr update /src/TrimPage.tsx
[1] 9:25:31 AM [vite] (client) hmr update /src/TrimPage.tsx
[1] 11:49:12 AM [vite] ws proxy error:
[1] Error: read ECONNRESET
[1]     at TCP.onStreamRead (node:internal/stream_base_commons:216:20)
[1] 11:49:12 AM [vite] ws proxy socket error:
[1] Error: read ECONNRESET
[1]     at TCP.onStreamRead (node:internal/stream_base_commons:216:20)
[1] 11:55:21 AM [vite] (client) [console.error] [PLAYER] Error: 2
[1] 11:55:33 AM [vite] ws proxy error:
[1] Error: read ECONNRESET
[1]     at TCP.onStreamRead (node:internal/stream_base_commons:216:20)
[1] 11:55:33 AM [vite] ws proxy socket error:
[1] Error: read ECONNRESET
[1]     at TCP.onStreamRead (node:internal/stream_base_commons:216:20)
[1] 12:18:46 PM [vite] ws proxy error:
[1] Error: read ECONNRESET
[1]     at TCP.onStreamRead (node:internal/stream_base_commons:216:20)
[1] 12:18:46 PM [vite] ws proxy socket error:
[1] Error: read ECONNRESET
[1]     at TCP.onStreamRead (node:internal/stream_base_commons:216:20)
[1] 12:19:42 PM [vite] ws proxy error:
[1] Error: read ECONNRESET
[1]     at TCP.onStreamRead (node:internal/stream_base_commons:216:20)
[1] 12:19:42 PM [vite] ws proxy socket error:
[1] Error: read ECONNRESET
[1]     at TCP.onStreamRead (node:internal/stream_base_commons:216:20)
[1] 1:24:04 PM [vite] ws proxy error:
[1] Error: read ECONNRESET
[1]     at TCP.onStreamRead (node:internal/stream_base_commons:216:20)
[1] 1:24:04 PM [vite] ws proxy socket error:
[1] Error: read ECONNRESET
[1]     at TCP.onStreamRead (node:internal/stream_base_commons:216:20)
